Copyright 1986-2019 Xilinx, Inc. All Rights Reserved.
------------------------------------------------------------------------------------
| Tool Version : Vivado v.2019.2 (win64) Build 2708876 Wed Nov  6 21:40:23 MST 2019
| Date         : Thu May 19 11:54:27 2022
| Host         : laptop running 64-bit major release  (build 9200)
| Command      : report_control_sets -verbose -file topext_control_sets_placed.rpt
| Design       : topext
| Device       : xc7a100t
------------------------------------------------------------------------------------

Control Set Information

Table of Contents
-----------------
1. Summary
2. Histogram
3. Flip-Flop Distribution
4. Detailed Control Set Information

1. Summary
----------

+----------------------------------------------------------+-------+
|                          Status                          | Count |
+----------------------------------------------------------+-------+
| Total control sets                                       |     9 |
|    Minimum number of control sets                        |     9 |
|    Addition due to synthesis replication                 |     0 |
|    Addition due to physical synthesis replication        |     0 |
| Unused register locations in slices containing registers |    32 |
+----------------------------------------------------------+-------+
* Control sets can be merged at opt_design using control_set_merge or merge_equivalent_drivers
** Run report_qor_suggestions for automated merging and remapping suggestions


2. Histogram
------------

+--------------------+-------+
|       Fanout       | Count |
+--------------------+-------+
| Total control sets |     9 |
| >= 0 to < 4        |     1 |
| >= 4 to < 6        |     0 |
| >= 6 to < 8        |     1 |
| >= 8 to < 10       |     0 |
| >= 10 to < 12      |     0 |
| >= 12 to < 14      |     2 |
| >= 14 to < 16      |     0 |
| >= 16              |     5 |
+--------------------+-------+
* Control sets can be remapped at either synth_design or opt_design


3. Flip-Flop Distribution
-------------------------

+--------------+-----------------------+------------------------+-----------------+--------------+
| Clock Enable | Synchronous Set/Reset | Asynchronous Set/Reset | Total Registers | Total Slices |
+--------------+-----------------------+------------------------+-----------------+--------------+
| No           | No                    | No                     |               0 |            0 |
| No           | No                    | Yes                    |             250 |           94 |
| No           | Yes                   | No                     |               0 |            0 |
| Yes          | No                    | No                     |              12 |            4 |
| Yes          | No                    | Yes                    |              28 |            7 |
| Yes          | Yes                   | No                     |              30 |            9 |
+--------------+-----------------------+------------------------+-----------------+--------------+


4. Detailed Control Set Information
-----------------------------------

+----------------------+------------------------------+-------------------+------------------+----------------+
|     Clock Signal     |         Enable Signal        |  Set/Reset Signal | Slice Load Count | Bel Load Count |
+----------------------+------------------------------+-------------------+------------------+----------------+
|  CLK100MHZ_IBUF_BUFG | BTNL_IBUF                    | mips/dp/r2M/SR[0] |                1 |              1 |
|  CLK100MHZ_IBUF_BUFG |                              |                   |                2 |              6 |
|  CLK100MHZ_IBUF_BUFG | mips/dp/r2M/q_reg[3]_0[0]    | BTNC_IBUF         |                3 |             12 |
|  CLK100MHZ_IBUF_BUFG | dmd/io/led[11]_i_1_n_0       |                   |                4 |             12 |
|  CLK100MHZ_IBUF_BUFG | BTNR_IBUF                    | BTNC_IBUF         |                5 |             17 |
|  CLK100MHZ_IBUF_BUFG | mips/dp/r2D/q[29]_i_1__3_n_0 | BTNC_IBUF         |                7 |             28 |
|  CLK100MHZ_IBUF_BUFG | mips/c/regM/q_reg[1]_0       |                   |                8 |             32 |
| ~CLK100MHZ_IBUF_BUFG | mips/c/regW/q_reg[1]_0[0]    |                   |               12 |             96 |
|  CLK100MHZ_IBUF_BUFG |                              | BTNC_IBUF         |               94 |            250 |
+----------------------+------------------------------+-------------------+------------------+----------------+


