
*** Running vivado
    with args -log top.vds -m64 -product Vivado -mode batch -messageDb vivado.pb -notrace -source top.tcl


****** Vivado v2019.2 (64-bit)
  **** SW Build 2708876 on Wed Nov  6 21:40:23 MST 2019
  **** IP Build 2700528 on Thu Nov  7 00:09:20 MST 2019
    ** Copyright 1986-2019 Xilinx, Inc. All Rights Reserved.

source top.tcl -notrace
Command: synth_design -top top -part xc7a100tcsg324-1
Starting synth_design
Attempting to get a license for feature 'Synthesis' and/or device 'xc7a100t'
INFO: [Common 17-349] Got license for feature 'Synthesis' and/or device 'xc7a100t'
INFO: [Device 21-403] Loading part xc7a100tcsg324-1
INFO: Launching helper process for spawning children vivado processes
INFO: Helper process launched with PID 1464 
---------------------------------------------------------------------------------
Starting RTL Elaboration : Time (s): cpu = 00:00:04 ; elapsed = 00:00:04 . Memory (MB): peak = 786.473 ; gain = 234.566
---------------------------------------------------------------------------------
INFO: [Synth 8-6157] synthesizing module 'top' [C:/Vivado_works/Second_Term/MCC_CPU/MCC_CPU.srcs/sources_1/imports/new/top.sv:3]
INFO: [Synth 8-6157] synthesizing module 'mips' [C:/Vivado_works/Second_Term/MCC_CPU/MCC_CPU.srcs/sources_1/imports/new/mips.sv:1]
INFO: [Synth 8-6157] synthesizing module 'flopenr' [C:/Vivado_works/Second_Term/MCC_CPU/MCC_CPU.srcs/sources_1/new/flopenr.sv:23]
	Parameter WIDTH bound to: 32 - type: integer 
INFO: [Synth 8-6155] done synthesizing module 'flopenr' (1#1) [C:/Vivado_works/Second_Term/MCC_CPU/MCC_CPU.srcs/sources_1/new/flopenr.sv:23]
INFO: [Synth 8-6157] synthesizing module 'mux2' [C:/Vivado_works/Second_Term/MCC_CPU/MCC_CPU.srcs/sources_1/imports/new/mux2.sv:1]
	Parameter WIDTH bound to: 32 - type: integer 
INFO: [Synth 8-6155] done synthesizing module 'mux2' (2#1) [C:/Vivado_works/Second_Term/MCC_CPU/MCC_CPU.srcs/sources_1/imports/new/mux2.sv:1]
INFO: [Synth 8-6157] synthesizing module 'controller' [C:/Vivado_works/Second_Term/MCC_CPU/MCC_CPU.srcs/sources_1/imports/new/controller.sv:1]
INFO: [Synth 8-6157] synthesizing module 'maindec' [C:/Vivado_works/Second_Term/MCC_CPU/MCC_CPU.srcs/sources_1/imports/new/maindec.sv:1]
	Parameter FETCH bound to: 5'b00000 
	Parameter DECODE bound to: 5'b00001 
	Parameter MEMADR bound to: 5'b00010 
	Parameter MEMRD bound to: 5'b00011 
	Parameter MEMWB bound to: 5'b00100 
	Parameter MEMWR bound to: 5'b00101 
	Parameter RTYPEEX bound to: 5'b00110 
	Parameter RTYPEWB bound to: 5'b00111 
	Parameter BEQEX bound to: 5'b01000 
	Parameter ADDIEX bound to: 5'b01001 
	Parameter ADDIWB bound to: 5'b01010 
	Parameter JEX bound to: 5'b01011 
	Parameter ANDIEX bound to: 5'b01100 
	Parameter ANDIWB bound to: 5'b01101 
	Parameter ORIEX bound to: 5'b01110 
	Parameter ORIWB bound to: 5'b01111 
	Parameter BNEEX bound to: 5'b10000 
	Parameter LW bound to: 6'b100011 
	Parameter SW bound to: 6'b101011 
	Parameter RTYPE bound to: 6'b000000 
	Parameter BEQ bound to: 6'b000100 
	Parameter ADDI bound to: 6'b001000 
	Parameter J bound to: 6'b000010 
	Parameter ANDI bound to: 6'b001100 
	Parameter ORI bound to: 6'b001101 
	Parameter BNE bound to: 6'b000101 
INFO: [Synth 8-6155] done synthesizing module 'maindec' (3#1) [C:/Vivado_works/Second_Term/MCC_CPU/MCC_CPU.srcs/sources_1/imports/new/maindec.sv:1]
INFO: [Synth 8-6157] synthesizing module 'aludec' [C:/Vivado_works/Second_Term/MCC_CPU/MCC_CPU.srcs/sources_1/imports/new/aludec.sv:1]
INFO: [Synth 8-6155] done synthesizing module 'aludec' (4#1) [C:/Vivado_works/Second_Term/MCC_CPU/MCC_CPU.srcs/sources_1/imports/new/aludec.sv:1]
INFO: [Synth 8-6155] done synthesizing module 'controller' (5#1) [C:/Vivado_works/Second_Term/MCC_CPU/MCC_CPU.srcs/sources_1/imports/new/controller.sv:1]
INFO: [Synth 8-6157] synthesizing module 'datapath' [C:/Vivado_works/Second_Term/MCC_CPU/MCC_CPU.srcs/sources_1/imports/new/datapath.sv:1]
INFO: [Synth 8-6157] synthesizing module 'flopr' [C:/Vivado_works/Second_Term/MCC_CPU/MCC_CPU.srcs/sources_1/imports/new/flopr.sv:23]
	Parameter WIDTH bound to: 32 - type: integer 
INFO: [Synth 8-6155] done synthesizing module 'flopr' (6#1) [C:/Vivado_works/Second_Term/MCC_CPU/MCC_CPU.srcs/sources_1/imports/new/flopr.sv:23]
INFO: [Synth 8-6157] synthesizing module 'mux2__parameterized0' [C:/Vivado_works/Second_Term/MCC_CPU/MCC_CPU.srcs/sources_1/imports/new/mux2.sv:1]
	Parameter WIDTH bound to: 5 - type: integer 
INFO: [Synth 8-6155] done synthesizing module 'mux2__parameterized0' (6#1) [C:/Vivado_works/Second_Term/MCC_CPU/MCC_CPU.srcs/sources_1/imports/new/mux2.sv:1]
INFO: [Synth 8-6157] synthesizing module 'regfile' [C:/Vivado_works/Second_Term/MCC_CPU/MCC_CPU.srcs/sources_1/imports/new/regfile.sv:1]
INFO: [Synth 8-6155] done synthesizing module 'regfile' (7#1) [C:/Vivado_works/Second_Term/MCC_CPU/MCC_CPU.srcs/sources_1/imports/new/regfile.sv:1]
INFO: [Synth 8-6157] synthesizing module 'mux4' [C:/Vivado_works/Second_Term/MCC_CPU/MCC_CPU.srcs/sources_1/new/mux4.sv:23]
	Parameter WIDTH bound to: 32 - type: integer 
INFO: [Synth 8-6155] done synthesizing module 'mux4' (8#1) [C:/Vivado_works/Second_Term/MCC_CPU/MCC_CPU.srcs/sources_1/new/mux4.sv:23]
INFO: [Synth 8-6157] synthesizing module 'signext' [C:/Vivado_works/Second_Term/MCC_CPU/MCC_CPU.srcs/sources_1/imports/new/signext.sv:1]
INFO: [Synth 8-6155] done synthesizing module 'signext' (9#1) [C:/Vivado_works/Second_Term/MCC_CPU/MCC_CPU.srcs/sources_1/imports/new/signext.sv:1]
INFO: [Synth 8-6157] synthesizing module 'zeroext' [C:/Vivado_works/Second_Term/MCC_CPU/MCC_CPU.srcs/sources_1/imports/new/zeroext.sv:23]
INFO: [Synth 8-6155] done synthesizing module 'zeroext' (10#1) [C:/Vivado_works/Second_Term/MCC_CPU/MCC_CPU.srcs/sources_1/imports/new/zeroext.sv:23]
INFO: [Synth 8-6157] synthesizing module 'sl2' [C:/Vivado_works/Second_Term/MCC_CPU/MCC_CPU.srcs/sources_1/imports/new/sl2.sv:23]
INFO: [Synth 8-6155] done synthesizing module 'sl2' (11#1) [C:/Vivado_works/Second_Term/MCC_CPU/MCC_CPU.srcs/sources_1/imports/new/sl2.sv:23]
INFO: [Synth 8-6157] synthesizing module 'alu' [C:/Vivado_works/Second_Term/MCC_CPU/MCC_CPU.srcs/sources_1/imports/new/alu.sv:1]
INFO: [Synth 8-6155] done synthesizing module 'alu' (12#1) [C:/Vivado_works/Second_Term/MCC_CPU/MCC_CPU.srcs/sources_1/imports/new/alu.sv:1]
INFO: [Synth 8-6155] done synthesizing module 'datapath' (13#1) [C:/Vivado_works/Second_Term/MCC_CPU/MCC_CPU.srcs/sources_1/imports/new/datapath.sv:1]
INFO: [Synth 8-6155] done synthesizing module 'mips' (14#1) [C:/Vivado_works/Second_Term/MCC_CPU/MCC_CPU.srcs/sources_1/imports/new/mips.sv:1]
INFO: [Synth 8-6157] synthesizing module 'DataMemoryDecoder' [C:/Vivado_works/Second_Term/MCC_CPU/MCC_CPU.srcs/sources_1/imports/Vivado_works/Second_Term/OCC_CPU/OCC_CPU.srcs/sources_1/new/DataMemoryDecoder.sv:23]
INFO: [Synth 8-6157] synthesizing module 'idmem' [C:/Vivado_works/Second_Term/MCC_CPU/MCC_CPU.srcs/sources_1/new/idmem.sv:23]
INFO: [Synth 8-3876] $readmem data file 'memfile3.dat' is read successfully [C:/Vivado_works/Second_Term/MCC_CPU/MCC_CPU.srcs/sources_1/new/idmem.sv:32]
INFO: [Synth 8-6155] done synthesizing module 'idmem' (15#1) [C:/Vivado_works/Second_Term/MCC_CPU/MCC_CPU.srcs/sources_1/new/idmem.sv:23]
INFO: [Synth 8-6157] synthesizing module 'IO' [C:/Vivado_works/Second_Term/MCC_CPU/MCC_CPU.srcs/sources_1/imports/Vivado_works/Second_Term/OCC_CPU/OCC_CPU.srcs/sources_1/new/IO.sv:23]
INFO: [Synth 8-6155] done synthesizing module 'IO' (16#1) [C:/Vivado_works/Second_Term/MCC_CPU/MCC_CPU.srcs/sources_1/imports/Vivado_works/Second_Term/OCC_CPU/OCC_CPU.srcs/sources_1/new/IO.sv:23]
INFO: [Synth 8-6157] synthesizing module 'x7seg' [C:/Vivado_works/Second_Term/MCC_CPU/MCC_CPU.srcs/sources_1/imports/Vivado_works/First_Term/x7seg_new/x7seg_new.srcs/sources_1/new/x7seg.sv:23]
INFO: [Synth 8-226] default block is never used [C:/Vivado_works/Second_Term/MCC_CPU/MCC_CPU.srcs/sources_1/imports/Vivado_works/First_Term/x7seg_new/x7seg_new.srcs/sources_1/new/x7seg.sv:50]
INFO: [Synth 8-6157] synthesizing module 'Hex7Seg' [C:/Vivado_works/Second_Term/MCC_CPU/MCC_CPU.srcs/sources_1/imports/Vivado_works/First_Term/x7seg_new/x7seg_new.srcs/sources_1/new/Hex7Seg.sv:23]
INFO: [Synth 8-6155] done synthesizing module 'Hex7Seg' (17#1) [C:/Vivado_works/Second_Term/MCC_CPU/MCC_CPU.srcs/sources_1/imports/Vivado_works/First_Term/x7seg_new/x7seg_new.srcs/sources_1/new/Hex7Seg.sv:23]
INFO: [Synth 8-6155] done synthesizing module 'x7seg' (18#1) [C:/Vivado_works/Second_Term/MCC_CPU/MCC_CPU.srcs/sources_1/imports/Vivado_works/First_Term/x7seg_new/x7seg_new.srcs/sources_1/new/x7seg.sv:23]
INFO: [Synth 8-6155] done synthesizing module 'DataMemoryDecoder' (19#1) [C:/Vivado_works/Second_Term/MCC_CPU/MCC_CPU.srcs/sources_1/imports/Vivado_works/Second_Term/OCC_CPU/OCC_CPU.srcs/sources_1/new/DataMemoryDecoder.sv:23]
INFO: [Synth 8-6155] done synthesizing module 'top' (20#1) [C:/Vivado_works/Second_Term/MCC_CPU/MCC_CPU.srcs/sources_1/imports/new/top.sv:3]
WARNING: [Synth 8-3331] design idmem has unconnected port a[31]
WARNING: [Synth 8-3331] design idmem has unconnected port a[30]
WARNING: [Synth 8-3331] design idmem has unconnected port a[29]
WARNING: [Synth 8-3331] design idmem has unconnected port a[28]
WARNING: [Synth 8-3331] design idmem has unconnected port a[27]
WARNING: [Synth 8-3331] design idmem has unconnected port a[26]
WARNING: [Synth 8-3331] design idmem has unconnected port a[25]
WARNING: [Synth 8-3331] design idmem has unconnected port a[24]
WARNING: [Synth 8-3331] design idmem has unconnected port a[23]
WARNING: [Synth 8-3331] design idmem has unconnected port a[22]
WARNING: [Synth 8-3331] design idmem has unconnected port a[21]
WARNING: [Synth 8-3331] design idmem has unconnected port a[20]
WARNING: [Synth 8-3331] design idmem has unconnected port a[19]
WARNING: [Synth 8-3331] design idmem has unconnected port a[18]
WARNING: [Synth 8-3331] design idmem has unconnected port a[17]
WARNING: [Synth 8-3331] design idmem has unconnected port a[16]
WARNING: [Synth 8-3331] design idmem has unconnected port a[15]
WARNING: [Synth 8-3331] design idmem has unconnected port a[14]
WARNING: [Synth 8-3331] design idmem has unconnected port a[13]
WARNING: [Synth 8-3331] design idmem has unconnected port a[12]
WARNING: [Synth 8-3331] design idmem has unconnected port a[11]
WARNING: [Synth 8-3331] design idmem has unconnected port a[10]
WARNING: [Synth 8-3331] design idmem has unconnected port a[1]
WARNING: [Synth 8-3331] design idmem has unconnected port a[0]
WARNING: [Synth 8-3331] design sl2 has unconnected port a[31]
WARNING: [Synth 8-3331] design sl2 has unconnected port a[30]
WARNING: [Synth 8-3331] design datapath has unconnected port irwrite
WARNING: [Synth 8-3331] design datapath has unconnected port instr[31]
WARNING: [Synth 8-3331] design datapath has unconnected port instr[30]
WARNING: [Synth 8-3331] design datapath has unconnected port instr[29]
WARNING: [Synth 8-3331] design datapath has unconnected port instr[28]
WARNING: [Synth 8-3331] design datapath has unconnected port instr[27]
WARNING: [Synth 8-3331] design datapath has unconnected port instr[26]
---------------------------------------------------------------------------------
Finished RTL Elaboration : Time (s): cpu = 00:00:05 ; elapsed = 00:00:05 . Memory (MB): peak = 859.527 ; gain = 307.621
---------------------------------------------------------------------------------

Report Check Netlist: 
+------+------------------+-------+---------+-------+------------------+
|      |Item              |Errors |Warnings |Status |Description       |
+------+------------------+-------+---------+-------+------------------+
|1     |multi_driven_nets |      0|        0|Passed |Multi driven nets |
+------+------------------+-------+---------+-------+------------------+
---------------------------------------------------------------------------------
Start Handling Custom Attributes
---------------------------------------------------------------------------------
---------------------------------------------------------------------------------
Finished Handling Custom Attributes : Time (s): cpu = 00:00:05 ; elapsed = 00:00:06 . Memory (MB): peak = 859.527 ; gain = 307.621
---------------------------------------------------------------------------------
---------------------------------------------------------------------------------
Finished RTL Optimization Phase 1 : Time (s): cpu = 00:00:05 ; elapsed = 00:00:06 . Memory (MB): peak = 859.527 ; gain = 307.621
---------------------------------------------------------------------------------
Netlist sorting complete. Time (s): cpu = 00:00:00 ; elapsed = 00:00:00.030 . Memory (MB): peak = 859.527 ; gain = 0.000
INFO: [Project 1-570] Preparing netlist for logic optimization

Processing XDC Constraints
Initializing timing engine
Parsing XDC File [C:/Vivado_works/Second_Term/MCC_CPU/MCC_CPU.srcs/constrs_1/imports/MCC_CPU/Nexys4DDR_Master.xdc]
Finished Parsing XDC File [C:/Vivado_works/Second_Term/MCC_CPU/MCC_CPU.srcs/constrs_1/imports/MCC_CPU/Nexys4DDR_Master.xdc]
INFO: [Project 1-236] Implementation specific constraints were found while reading constraint file [C:/Vivado_works/Second_Term/MCC_CPU/MCC_CPU.srcs/constrs_1/imports/MCC_CPU/Nexys4DDR_Master.xdc]. These constraints will be ignored for synthesis but will be used in implementation. Impacted constraints are listed in the file [.Xil/top_propImpl.xdc].
Resolution: To avoid this warning, move constraints listed in [.Xil/top_propImpl.xdc] to another XDC file and exclude this new file from synthesis with the used_in_synthesis property (File Properties dialog in GUI) and re-run elaboration/synthesis.
Completed Processing XDC Constraints

Netlist sorting complete. Time (s): cpu = 00:00:00 ; elapsed = 00:00:00 . Memory (MB): peak = 953.770 ; gain = 0.000
INFO: [Project 1-111] Unisim Transformation Summary:
No Unisim elements were transformed.

Constraint Validation Runtime : Time (s): cpu = 00:00:00 ; elapsed = 00:00:00.005 . Memory (MB): peak = 953.770 ; gain = 0.000
---------------------------------------------------------------------------------
Finished Constraint Validation : Time (s): cpu = 00:00:12 ; elapsed = 00:00:13 . Memory (MB): peak = 953.770 ; gain = 401.863
---------------------------------------------------------------------------------
---------------------------------------------------------------------------------
Start Loading Part and Timing Information
---------------------------------------------------------------------------------
Loading part: xc7a100tcsg324-1
---------------------------------------------------------------------------------
Finished Loading Part and Timing Information : Time (s): cpu = 00:00:12 ; elapsed = 00:00:13 . Memory (MB): peak = 953.770 ; gain = 401.863
---------------------------------------------------------------------------------
---------------------------------------------------------------------------------
Start Applying 'set_property' XDC Constraints
---------------------------------------------------------------------------------
---------------------------------------------------------------------------------
Finished applying 'set_property' XDC Constraints : Time (s): cpu = 00:00:12 ; elapsed = 00:00:13 . Memory (MB): peak = 953.770 ; gain = 401.863
---------------------------------------------------------------------------------
INFO: [Synth 8-802] inferred FSM for state register 'state_reg' in module 'maindec'
---------------------------------------------------------------------------------------------------
                   State |                     New Encoding |                Previous Encoding 
---------------------------------------------------------------------------------------------------
                   FETCH |                00000000000000001 |                            00000
                  DECODE |                00000000000000010 |                            00001
                  MEMADR |                00000000000000100 |                            00010
                   MEMRD |                00000000000001000 |                            00011
                   MEMWB |                00000000000010000 |                            00100
                   MEMWR |                00000000000100000 |                            00101
                 RTYPEEX |                00000000001000000 |                            00110
                 RTYPEWB |                00000000010000000 |                            00111
                   BEQEX |                00000000100000000 |                            01000
                  ADDIEX |                00000001000000000 |                            01001
                  ADDIWB |                00000010000000000 |                            01010
                     JEX |                00000100000000000 |                            01011
                  ANDIEX |                00001000000000000 |                            01100
                  ANDIWB |                00010000000000000 |                            01101
                   ORIEX |                00100000000000000 |                            01110
                   ORIWB |                01000000000000000 |                            01111
                   BNEEX |                10000000000000000 |                            10000
---------------------------------------------------------------------------------------------------
INFO: [Synth 8-3354] encoded FSM with state register 'state_reg' using encoding 'one-hot' in module 'maindec'
---------------------------------------------------------------------------------
Finished RTL Optimization Phase 2 : Time (s): cpu = 00:00:12 ; elapsed = 00:00:13 . Memory (MB): peak = 953.770 ; gain = 401.863
---------------------------------------------------------------------------------

Report RTL Partitions: 
+-+--------------+------------+----------+
| |RTL Partition |Replication |Instances |
+-+--------------+------------+----------+
+-+--------------+------------+----------+
---------------------------------------------------------------------------------
Start RTL Component Statistics 
---------------------------------------------------------------------------------
Detailed RTL Component Info : 
+---Adders : 
	   2 Input     32 Bit       Adders := 1     
	   3 Input     32 Bit       Adders := 1     
+---Registers : 
	               32 Bit    Registers := 6     
	               16 Bit    Registers := 1     
	               12 Bit    Registers := 2     
	                2 Bit    Registers := 1     
+---Muxes : 
	   2 Input     32 Bit        Muxes := 8     
	   4 Input     32 Bit        Muxes := 2     
	  17 Input     18 Bit        Muxes := 1     
	  17 Input     17 Bit        Muxes := 1     
	  10 Input     17 Bit        Muxes := 1     
	   3 Input     17 Bit        Muxes := 1     
	   4 Input      8 Bit        Muxes := 1     
	   2 Input      8 Bit        Muxes := 1     
	   8 Input      8 Bit        Muxes := 1     
	   2 Input      5 Bit        Muxes := 1     
	  10 Input      3 Bit        Muxes := 1     
	   2 Input      2 Bit        Muxes := 1     
---------------------------------------------------------------------------------
Finished RTL Component Statistics 
---------------------------------------------------------------------------------
---------------------------------------------------------------------------------
Start RTL Hierarchical Component Statistics 
---------------------------------------------------------------------------------
Hierarchical RTL Component report 
Module flopenr 
Detailed RTL Component Info : 
+---Registers : 
	               32 Bit    Registers := 1     
Module mux2 
Detailed RTL Component Info : 
+---Muxes : 
	   2 Input     32 Bit        Muxes := 1     
Module maindec 
Detailed RTL Component Info : 
+---Muxes : 
	  17 Input     18 Bit        Muxes := 1     
	  17 Input     17 Bit        Muxes := 1     
	  10 Input     17 Bit        Muxes := 1     
	   3 Input     17 Bit        Muxes := 1     
Module aludec 
Detailed RTL Component Info : 
+---Muxes : 
	  10 Input      3 Bit        Muxes := 1     
Module flopr 
Detailed RTL Component Info : 
+---Registers : 
	               32 Bit    Registers := 1     
Module mux2__parameterized0 
Detailed RTL Component Info : 
+---Muxes : 
	   2 Input      5 Bit        Muxes := 1     
Module regfile 
Detailed RTL Component Info : 
+---Muxes : 
	   2 Input     32 Bit        Muxes := 2     
Module mux4 
Detailed RTL Component Info : 
+---Muxes : 
	   4 Input     32 Bit        Muxes := 1     
Module alu 
Detailed RTL Component Info : 
+---Adders : 
	   2 Input     32 Bit       Adders := 1     
	   3 Input     32 Bit       Adders := 1     
Module IO 
Detailed RTL Component Info : 
+---Registers : 
	               16 Bit    Registers := 1     
	               12 Bit    Registers := 2     
	                2 Bit    Registers := 1     
+---Muxes : 
	   4 Input      8 Bit        Muxes := 1     
	   2 Input      8 Bit        Muxes := 1     
	   2 Input      2 Bit        Muxes := 1     
Module x7seg 
Detailed RTL Component Info : 
+---Muxes : 
	   8 Input      8 Bit        Muxes := 1     
---------------------------------------------------------------------------------
Finished RTL Hierarchical Component Statistics
---------------------------------------------------------------------------------
---------------------------------------------------------------------------------
Start Part Resource Summary
---------------------------------------------------------------------------------
Part Resources:
DSPs: 240 (col length:80)
BRAMs: 270 (col length: RAMB18 80 RAMB36 40)
---------------------------------------------------------------------------------
Finished Part Resource Summary
---------------------------------------------------------------------------------
---------------------------------------------------------------------------------
Start Cross Boundary and Area Optimization
---------------------------------------------------------------------------------
Warning: Parallel synthesis criteria is not met 
---------------------------------------------------------------------------------
Finished Cross Boundary and Area Optimization : Time (s): cpu = 00:00:16 ; elapsed = 00:00:17 . Memory (MB): peak = 953.770 ; gain = 401.863
---------------------------------------------------------------------------------
---------------------------------------------------------------------------------
Start ROM, RAM, DSP and Shift Register Reporting
---------------------------------------------------------------------------------

ROM:
+------------+------------------+---------------+----------------+
|Module Name | RTL Object       | Depth x Width | Implemented As | 
+------------+------------------+---------------+----------------+
|Hex7Seg     | a2g              | 32x7          | LUT            | 
|top         | dmd/x7seg/s7/a2g | 32x7          | LUT            | 
+------------+------------------+---------------+----------------+


Distributed RAM: Preliminary Mapping	Report (see note below)
+------------+-------------------+-----------+----------------------+------------------------------+
|Module Name | RTL Object        | Inference | Size (Depth x Width) | Primitives                   | 
+------------+-------------------+-----------+----------------------+------------------------------+
|top         | mips/dp/rf/rf_reg | Implied   | 32 x 32              | RAM32M x 12	                 | 
|top         | dmd/idmem/RAM_reg | Implied   | 64 x 32              | RAM16X1S x 64	RAM32X1S x 32	 | 
+------------+-------------------+-----------+----------------------+------------------------------+

Note: The table above is a preliminary report that shows the Distributed RAMs at the current stage of the synthesis flow. Some Distributed RAMs may be reimplemented as non Distributed RAM primitives later in the synthesis flow. Multiple instantiated RAMs are reported only once.
---------------------------------------------------------------------------------
Finished ROM, RAM, DSP and Shift Register Reporting
---------------------------------------------------------------------------------

Report RTL Partitions: 
+-+--------------+------------+----------+
| |RTL Partition |Replication |Instances |
+-+--------------+------------+----------+
+-+--------------+------------+----------+
---------------------------------------------------------------------------------
Start Applying XDC Timing Constraints
---------------------------------------------------------------------------------
---------------------------------------------------------------------------------
Finished Applying XDC Timing Constraints : Time (s): cpu = 00:00:23 ; elapsed = 00:00:24 . Memory (MB): peak = 953.770 ; gain = 401.863
---------------------------------------------------------------------------------
---------------------------------------------------------------------------------
Start Timing Optimization
---------------------------------------------------------------------------------
---------------------------------------------------------------------------------
Finished Timing Optimization : Time (s): cpu = 00:00:25 ; elapsed = 00:00:27 . Memory (MB): peak = 1004.668 ; gain = 452.762
---------------------------------------------------------------------------------
---------------------------------------------------------------------------------
Start ROM, RAM, DSP and Shift Register Reporting
---------------------------------------------------------------------------------

Distributed RAM: Final Mapping	Report
+------------+-------------------+-----------+----------------------+------------------------------+
|Module Name | RTL Object        | Inference | Size (Depth x Width) | Primitives                   | 
+------------+-------------------+-----------+----------------------+------------------------------+
|top         | mips/dp/rf/rf_reg | Implied   | 32 x 32              | RAM32M x 12	                 | 
|top         | dmd/idmem/RAM_reg | Implied   | 64 x 32              | RAM16X1S x 64	RAM32X1S x 32	 | 
+------------+-------------------+-----------+----------------------+------------------------------+

---------------------------------------------------------------------------------
Finished ROM, RAM, DSP and Shift Register Reporting
---------------------------------------------------------------------------------

Report RTL Partitions: 
+-+--------------+------------+----------+
| |RTL Partition |Replication |Instances |
+-+--------------+------------+----------+
+-+--------------+------------+----------+
---------------------------------------------------------------------------------
Start Technology Mapping
---------------------------------------------------------------------------------
---------------------------------------------------------------------------------
Finished Technology Mapping : Time (s): cpu = 00:00:26 ; elapsed = 00:00:27 . Memory (MB): peak = 1005.727 ; gain = 453.820
---------------------------------------------------------------------------------

Report RTL Partitions: 
+-+--------------+------------+----------+
| |RTL Partition |Replication |Instances |
+-+--------------+------------+----------+
+-+--------------+------------+----------+
---------------------------------------------------------------------------------
Start IO Insertion
---------------------------------------------------------------------------------
---------------------------------------------------------------------------------
Start Flattening Before IO Insertion
---------------------------------------------------------------------------------
---------------------------------------------------------------------------------
Finished Flattening Before IO Insertion
---------------------------------------------------------------------------------
---------------------------------------------------------------------------------
Start Final Netlist Cleanup
---------------------------------------------------------------------------------
---------------------------------------------------------------------------------
Finished Final Netlist Cleanup
---------------------------------------------------------------------------------
---------------------------------------------------------------------------------
Finished IO Insertion : Time (s): cpu = 00:00:30 ; elapsed = 00:00:31 . Memory (MB): peak = 1007.520 ; gain = 455.613
---------------------------------------------------------------------------------
---------------------------------------------------------------------------------
Start Renaming Generated Instances
---------------------------------------------------------------------------------
---------------------------------------------------------------------------------
Finished Renaming Generated Instances : Time (s): cpu = 00:00:30 ; elapsed = 00:00:31 . Memory (MB): peak = 1007.520 ; gain = 455.613
---------------------------------------------------------------------------------

Report RTL Partitions: 
+-+--------------+------------+----------+
| |RTL Partition |Replication |Instances |
+-+--------------+------------+----------+
+-+--------------+------------+----------+

Report Check Netlist: 
+------+------------------+-------+---------+-------+------------------+
|      |Item              |Errors |Warnings |Status |Description       |
+------+------------------+-------+---------+-------+------------------+
|1     |multi_driven_nets |      0|        0|Passed |Multi driven nets |
+------+------------------+-------+---------+-------+------------------+
---------------------------------------------------------------------------------
Start Rebuilding User Hierarchy
---------------------------------------------------------------------------------
---------------------------------------------------------------------------------
Finished Rebuilding User Hierarchy : Time (s): cpu = 00:00:30 ; elapsed = 00:00:31 . Memory (MB): peak = 1007.520 ; gain = 455.613
---------------------------------------------------------------------------------
---------------------------------------------------------------------------------
Start Renaming Generated Ports
---------------------------------------------------------------------------------
---------------------------------------------------------------------------------
Finished Renaming Generated Ports : Time (s): cpu = 00:00:30 ; elapsed = 00:00:31 . Memory (MB): peak = 1007.520 ; gain = 455.613
---------------------------------------------------------------------------------
---------------------------------------------------------------------------------
Start Handling Custom Attributes
---------------------------------------------------------------------------------
---------------------------------------------------------------------------------
Finished Handling Custom Attributes : Time (s): cpu = 00:00:30 ; elapsed = 00:00:31 . Memory (MB): peak = 1007.520 ; gain = 455.613
---------------------------------------------------------------------------------
---------------------------------------------------------------------------------
Start Renaming Generated Nets
---------------------------------------------------------------------------------
---------------------------------------------------------------------------------
Finished Renaming Generated Nets : Time (s): cpu = 00:00:30 ; elapsed = 00:00:31 . Memory (MB): peak = 1007.520 ; gain = 455.613
---------------------------------------------------------------------------------
---------------------------------------------------------------------------------
Start Writing Synthesis Report
---------------------------------------------------------------------------------

Report BlackBoxes: 
+-+--------------+----------+
| |BlackBox name |Instances |
+-+--------------+----------+
+-+--------------+----------+

Report Cell Usage: 
+------+---------+------+
|      |Cell     |Count |
+------+---------+------+
|1     |BUFG     |     1|
|2     |CARRY4   |    25|
|3     |LUT1     |     3|
|4     |LUT2     |    34|
|5     |LUT3     |    87|
|6     |LUT4     |    85|
|7     |LUT5     |    66|
|8     |LUT6     |   246|
|9     |MUXF7    |     4|
|10    |RAM32M   |    12|
|11    |RAM32X1S |    32|
|12    |FDCE     |   228|
|13    |FDPE     |     1|
|14    |FDRE     |    42|
|15    |IBUF     |    20|
|16    |OBUF     |    15|
+------+---------+------+

Report Instance Areas: 
+------+----------------+------------------+------+
|      |Instance        |Module            |Cells |
+------+----------------+------------------+------+
|1     |top             |                  |   901|
|2     |  dmd           |DataMemoryDecoder |   157|
|3     |    idmem       |idmem             |    32|
|4     |    io          |IO                |    47|
|5     |    rdmux       |mux2              |    28|
|6     |    x7seg       |x7seg             |    50|
|7     |  mips          |mips              |   708|
|8     |    c           |controller        |   266|
|9     |      md        |maindec           |   266|
|10    |    dp          |datapath          |   329|
|11    |      Areg      |flopr             |    88|
|12    |      Breg      |flopr_0           |    34|
|13    |      alu       |alu               |    12|
|14    |      aluoutreg |flopr_1           |    34|
|15    |      datareg   |flopr_2           |    64|
|16    |      pcreg     |flopenr_3         |    85|
|17    |      rf        |regfile           |    12|
|18    |    instrreg    |flopenr           |   113|
+------+----------------+------------------+------+
---------------------------------------------------------------------------------
Finished Writing Synthesis Report : Time (s): cpu = 00:00:30 ; elapsed = 00:00:31 . Memory (MB): peak = 1007.520 ; gain = 455.613
---------------------------------------------------------------------------------
Synthesis finished with 0 errors, 0 critical warnings and 0 warnings.
Synthesis Optimization Runtime : Time (s): cpu = 00:00:22 ; elapsed = 00:00:29 . Memory (MB): peak = 1007.520 ; gain = 361.371
Synthesis Optimization Complete : Time (s): cpu = 00:00:30 ; elapsed = 00:00:31 . Memory (MB): peak = 1007.520 ; gain = 455.613
INFO: [Project 1-571] Translating synthesized netlist
Netlist sorting complete. Time (s): cpu = 00:00:00 ; elapsed = 00:00:00.039 . Memory (MB): peak = 1019.598 ; gain = 0.000
INFO: [Netlist 29-17] Analyzing 73 Unisim elements for replacement
INFO: [Netlist 29-28] Unisim Transformation completed in 0 CPU seconds
INFO: [Project 1-570] Preparing netlist for logic optimization
INFO: [Opt 31-138] Pushed 0 inverter(s) to 0 load pin(s).
Netlist sorting complete. Time (s): cpu = 00:00:00 ; elapsed = 00:00:00 . Memory (MB): peak = 1019.598 ; gain = 0.000
INFO: [Project 1-111] Unisim Transformation Summary:
  A total of 44 instances were transformed.
  RAM32M => RAM32M (RAMD32(x6), RAMS32(x2)): 12 instances
  RAM32X1S => RAM32X1S (RAMS32): 32 instances

INFO: [Common 17-83] Releasing license: Synthesis
58 Infos, 33 Warnings, 0 Critical Warnings and 0 Errors encountered.
synth_design completed successfully
synth_design: Time (s): cpu = 00:00:35 ; elapsed = 00:00:37 . Memory (MB): peak = 1019.598 ; gain = 719.879
Netlist sorting complete. Time (s): cpu = 00:00:00 ; elapsed = 00:00:00.001 . Memory (MB): peak = 1019.598 ; gain = 0.000
WARNING: [Constraints 18-5210] No constraints selected for write.
Resolution: This message can indicate that there are no constraints for the design, or it can indicate that the used_in flags are set such that the constraints are ignored. This later case is used when running synth_design to not write synthesis constraints to the resulting checkpoint. Instead, project constraints are read when the synthesized design is opened.
INFO: [Common 17-1381] The checkpoint 'C:/Vivado_works/Second_Term/MCC_CPU/MCC_CPU.runs/synth_1/top.dcp' has been generated.
INFO: [runtcl-4] Executing : report_utilization -file top_utilization_synth.rpt -pb top_utilization_synth.pb
INFO: [Common 17-206] Exiting Vivado at Wed Apr 20 17:56:05 2022...
