INFO: [VRFC 10-2263] Analyzing SystemVerilog file "C:/Vivado_works/Second_Term/MCC_CPU/MCC_CPU.srcs/sources_1/imports/new/alu.sv" into library xil_defaultlib
INFO: [VRFC 10-311] analyzing module alu
INFO: [VRFC 10-2263] Analyzing SystemVerilog file "C:/Vivado_works/Second_Term/MCC_CPU/MCC_CPU.srcs/sources_1/imports/new/aludec.sv" into library xil_defaultlib
INFO: [VRFC 10-311] analyzing module aludec
INFO: [VRFC 10-2263] Analyzing SystemVerilog file "C:/Vivado_works/Second_Term/MCC_CPU/MCC_CPU.srcs/sources_1/imports/new/controller.sv" into library xil_defaultlib
INFO: [VRFC 10-311] analyzing module controller
INFO: [VRFC 10-2263] Analyzing SystemVerilog file "C:/Vivado_works/Second_Term/MCC_CPU/MCC_CPU.srcs/sources_1/imports/new/datapath.sv" into library xil_defaultlib
INFO: [VRFC 10-311] analyzing module datapath
INFO: [VRFC 10-2263] Analyzing SystemVerilog file "C:/Vivado_works/Second_Term/MCC_CPU/MCC_CPU.srcs/sources_1/imports/new/flopr.sv" into library xil_defaultlib
INFO: [VRFC 10-311] analyzing module flopr
INFO: [VRFC 10-2263] Analyzing SystemVerilog file "C:/Vivado_works/Second_Term/MCC_CPU/MCC_CPU.srcs/sources_1/imports/new/maindec.sv" into library xil_defaultlib
INFO: [VRFC 10-311] analyzing module maindec
INFO: [VRFC 10-2263] Analyzing SystemVerilog file "C:/Vivado_works/Second_Term/MCC_CPU/MCC_CPU.srcs/sources_1/imports/new/mux2.sv" into library xil_defaultlib
INFO: [VRFC 10-311] analyzing module mux2
INFO: [VRFC 10-2263] Analyzing SystemVerilog file "C:/Vivado_works/Second_Term/MCC_CPU/MCC_CPU.srcs/sources_1/new/mux4.sv" into library xil_defaultlib
INFO: [VRFC 10-311] analyzing module mux4
INFO: [VRFC 10-2263] Analyzing SystemVerilog file "C:/Vivado_works/Second_Term/MCC_CPU/MCC_CPU.srcs/sources_1/imports/new/regfile.sv" into library xil_defaultlib
INFO: [VRFC 10-311] analyzing module regfile
INFO: [VRFC 10-2263] Analyzing SystemVerilog file "C:/Vivado_works/Second_Term/MCC_CPU/MCC_CPU.srcs/sources_1/imports/new/signext.sv" into library xil_defaultlib
INFO: [VRFC 10-311] analyzing module signext
INFO: [VRFC 10-2263] Analyzing SystemVerilog file "C:/Vivado_works/Second_Term/MCC_CPU/MCC_CPU.srcs/sources_1/imports/new/sl2.sv" into library xil_defaultlib
INFO: [VRFC 10-311] analyzing module sl2
INFO: [VRFC 10-2263] Analyzing SystemVerilog file "C:/Vivado_works/Second_Term/MCC_CPU/MCC_CPU.srcs/sources_1/imports/new/mips.sv" into library xil_defaultlib
INFO: [VRFC 10-311] analyzing module mips
INFO: [VRFC 10-2263] Analyzing SystemVerilog file "C:/Vivado_works/Second_Term/MCC_CPU/MCC_CPU.srcs/sources_1/imports/new/top.sv" into library xil_defaultlib
INFO: [VRFC 10-311] analyzing module top
INFO: [VRFC 10-2263] Analyzing SystemVerilog file "C:/Vivado_works/Second_Term/MCC_CPU/MCC_CPU.srcs/sources_1/new/flopenr.sv" into library xil_defaultlib
INFO: [VRFC 10-311] analyzing module flopenr
INFO: [VRFC 10-2263] Analyzing SystemVerilog file "C:/Vivado_works/Second_Term/MCC_CPU/MCC_CPU.srcs/sources_1/new/idmem.sv" into library xil_defaultlib
INFO: [VRFC 10-311] analyzing module idmem
INFO: [VRFC 10-2263] Analyzing SystemVerilog file "C:/Vivado_works/Second_Term/MCC_CPU/MCC_CPU.srcs/sources_1/imports/new/zeroext.sv" into library xil_defaultlib
INFO: [VRFC 10-311] analyzing module zeroext
INFO: [VRFC 10-2263] Analyzing SystemVerilog file "C:/Vivado_works/Second_Term/MCC_CPU/MCC_CPU.srcs/sources_1/imports/Vivado_works/Second_Term/OCC_CPU/OCC_CPU.srcs/sources_1/new/IO.sv" into library xil_defaultlib
INFO: [VRFC 10-311] analyzing module IO
INFO: [VRFC 10-2263] Analyzing SystemVerilog file "C:/Vivado_works/Second_Term/MCC_CPU/MCC_CPU.srcs/sources_1/imports/Vivado_works/First_Term/x7seg_new/x7seg_new.srcs/sources_1/new/Hex7Seg.sv" into library xil_defaultlib
INFO: [VRFC 10-311] analyzing module Hex7Seg
INFO: [VRFC 10-2263] Analyzing SystemVerilog file "C:/Vivado_works/Second_Term/MCC_CPU/MCC_CPU.srcs/sources_1/imports/Vivado_works/Second_Term/OCC_CPU/OCC_CPU.srcs/sources_1/new/DataMemoryDecoder.sv" into library xil_defaultlib
INFO: [VRFC 10-311] analyzing module DataMemoryDecoder
INFO: [VRFC 10-2263] Analyzing SystemVerilog file "C:/Vivado_works/Second_Term/MCC_CPU/MCC_CPU.srcs/sources_1/imports/Vivado_works/First_Term/x7seg_new/x7seg_new.srcs/sources_1/new/x7seg.sv" into library xil_defaultlib
INFO: [VRFC 10-311] analyzing module x7seg
INFO: [VRFC 10-2263] Analyzing SystemVerilog file "C:/Vivado_works/Second_Term/MCC_CPU/MCC_CPU.srcs/sources_1/new/topext.sv" into library xil_defaultlib
INFO: [VRFC 10-311] analyzing module topext
INFO: [VRFC 10-2458] undeclared symbol Memwrite, assumed default net type wire [C:/Vivado_works/Second_Term/MCC_CPU/MCC_CPU.srcs/sources_1/new/topext.sv:33]
INFO: [VRFC 10-2263] Analyzing SystemVerilog file "C:/Vivado_works/Second_Term/MCC_CPU/MCC_CPU.srcs/sim_1/new/testbench.sv" into library xil_defaultlib
INFO: [VRFC 10-311] analyzing module testbench
INFO: [VRFC 10-2263] Analyzing SystemVerilog file "C:/Vivado_works/Second_Term/MCC_CPU/MCC_CPU.srcs/sim_1/new/testbenchIO.sv" into library xil_defaultlib
INFO: [VRFC 10-311] analyzing module testbenchIO
