#-----------------------------------------------------------
# Vivado v2019.2 (64-bit)
# SW Build 2708876 on Wed Nov  6 21:40:23 MST 2019
# IP Build 2700528 on Thu Nov  7 00:09:20 MST 2019
# Start of session at: Thu May 19 13:08:04 2022
# Process ID: 17384
# Current directory: C:/Users/ZhouXunZhe/Desktop/VGA
# Command line: vivado.exe -gui_launcher_event rodinguilauncherevent11204 C:\Users\ZhouXunZhe\Desktop\VGA\VGA.xpr
# Log file: C:/Users/ZhouXunZhe/Desktop/VGA/vivado.log
# Journal file: C:/Users/ZhouXunZhe/Desktop/VGA\vivado.jou
#-----------------------------------------------------------
start_gui
open_project C:/Users/ZhouXunZhe/Desktop/VGA/VGA.xpr
INFO: [Project 1-313] Project file moved from 'C:/_SamData/Vivado2022/Codes/VGA' since last save.
Scanning sources...
Finished scanning sources
INFO: [IP_Flow 19-234] Refreshing IP repositories
INFO: [IP_Flow 19-1704] No user IP repositories specified
INFO: [IP_Flow 19-2313] Loaded Vivado IP repository 'C:/Xilinx/Vivado/2019.2/data/ip'.
update_compile_order -fileset sources_1
exit
INFO: [Common 17-206] Exiting Vivado at Thu May 19 13:26:02 2022...
