#-----------------------------------------------------------
# Vivado v2019.2 (64-bit)
# SW Build 2708876 on Wed Nov  6 21:40:23 MST 2019
# IP Build 2700528 on Thu Nov  7 00:09:20 MST 2019
# Start of session at: Mon Mar 21 21:09:56 2022
# Process ID: 11420
# Current directory: C:/_SamData/Vivado2022/Codes/VGA
# Command line: vivado.exe -gui_launcher_event rodinguilauncherevent568 C:\_SamData\Vivado2022\Codes\VGA\VGA.xpr
# Log file: C:/_SamData/Vivado2022/Codes/VGA/vivado.log
# Journal file: C:/_SamData/Vivado2022/Codes/VGA\vivado.jou
#-----------------------------------------------------------
start_gui
open_project C:/_SamData/Vivado2022/Codes/VGA/VGA.xpr
INFO: [Project 1-313] Project file moved from 'C:/_SamData/Vivado2022-/Codes/VGA' since last save.
Scanning sources...
Finished scanning sources
INFO: [IP_Flow 19-234] Refreshing IP repositories
INFO: [IP_Flow 19-1704] No user IP repositories specified
INFO: [IP_Flow 19-2313] Loaded Vivado IP repository 'C:/Xilinx/Vivado/2019.2/data/ip'.
open_project: Time (s): cpu = 00:00:13 ; elapsed = 00:00:05 . Memory (MB): peak = 755.824 ; gain = 95.344
update_compile_order -fileset sources_1
exit
INFO: [Common 17-206] Exiting Vivado at Mon Mar 21 23:15:43 2022...
